0 info it worked if it ends with ok
1 verbose cli [ '/usr/bin/nodejs',
1 verbose cli   '/usr/bin/npm',
1 verbose cli   'install',
1 verbose cli   'amcharts/amcharts3' ]
2 info using npm@1.3.10
3 info using node@v0.10.25
4 verbose cache add [ 'amcharts/amcharts3', null ]
5 verbose cache add name=undefined spec="amcharts/amcharts3" args=["amcharts/amcharts3",null]
6 verbose parsed url { protocol: null,
6 verbose parsed url   slashes: null,
6 verbose parsed url   auth: null,
6 verbose parsed url   host: null,
6 verbose parsed url   port: null,
6 verbose parsed url   hostname: null,
6 verbose parsed url   hash: null,
6 verbose parsed url   search: null,
6 verbose parsed url   query: null,
6 verbose parsed url   pathname: 'amcharts/amcharts3',
6 verbose parsed url   path: 'amcharts/amcharts3',
6 verbose parsed url   href: 'amcharts/amcharts3' }
7 silly lockFile 2e7ccbf5-amcharts-amcharts3 amcharts/amcharts3
8 verbose lock amcharts/amcharts3 /home/waqar/.npm/2e7ccbf5-amcharts-amcharts3.lock
9 info maybeGithub Attempting amcharts/amcharts3 from git://github.com/amcharts/amcharts3
10 silly lockFile 0fcde6bd-it-github-com-amcharts-amcharts3 git://github.com/amcharts/amcharts3
11 verbose lock git://github.com/amcharts/amcharts3 /home/waqar/.npm/0fcde6bd-it-github-com-amcharts-amcharts3.lock
12 verbose addRemoteGit [ 'git://github.com/amcharts/amcharts3', 'master' ]
13 verbose git clone git://github.com/amcharts/amcharts3 Cloning into bare repository '/home/waqar/.npm/_git-remotes/git-github-com-amcharts-amcharts3-0fcde6bd'...
13 verbose git clone git://github.com/amcharts/amcharts3 fatal: unable to connect to github.com:
13 verbose git clone git://github.com/amcharts/amcharts3 github.com[0: 192.30.252.130]: errno=Connection timed out
14 silly lockFile 0fcde6bd-it-github-com-amcharts-amcharts3 git://github.com/amcharts/amcharts3
15 silly lockFile 0fcde6bd-it-github-com-amcharts-amcharts3 git://github.com/amcharts/amcharts3
16 info maybeGithub Attempting amcharts/amcharts3 from git+ssh://git@github.com:amcharts/amcharts3
17 silly lockFile 53bc2fa2-it-github-com-amcharts-amcharts3 git+ssh://git@github.com:amcharts/amcharts3
18 verbose lock git+ssh://git@github.com:amcharts/amcharts3 /home/waqar/.npm/53bc2fa2-it-github-com-amcharts-amcharts3.lock
19 verbose addRemoteGit [ 'git@github.com:amcharts/amcharts3', 'master' ]
20 error git clone git@github.com:amcharts/amcharts3 Cloning into bare repository '/home/waqar/.npm/_git-remotes/git-github-com-amcharts-amcharts3-37467717'...
20 error git clone git@github.com:amcharts/amcharts3 Warning: Permanently added the RSA host key for IP address '192.30.252.131' to the list of known hosts.
20 error git clone git@github.com:amcharts/amcharts3 Permission denied (publickey).
20 error git clone git@github.com:amcharts/amcharts3 fatal: Could not read from remote repository.
20 error git clone git@github.com:amcharts/amcharts3
20 error git clone git@github.com:amcharts/amcharts3 Please make sure you have the correct access rights
20 error git clone git@github.com:amcharts/amcharts3 and the repository exists.
21 silly lockFile 37467717-it-github-com-amcharts-amcharts3 git@github.com:amcharts/amcharts3
22 silly lockFile 2e7ccbf5-amcharts-amcharts3 amcharts/amcharts3
23 silly lockFile 2e7ccbf5-amcharts-amcharts3 amcharts/amcharts3
24 error addLocal Could not install amcharts/amcharts3
25 error Error: ENOENT, stat 'amcharts/amcharts3'
26 error If you need help, you may report this log at:
26 error     <http://github.com/isaacs/npm/issues>
26 error or email it to:
26 error     <npm-@googlegroups.com>
27 error System Linux 3.16.0-46-generic
28 error command "/usr/bin/nodejs" "/usr/bin/npm" "install" "amcharts/amcharts3"
29 error cwd /media/waqar/store/android-sdk/DroidBox_4.1.1
30 error node -v v0.10.25
31 error npm -v 1.3.10
32 error path amcharts/amcharts3
33 error code ENOENT
34 error errno 34
35 verbose exit [ 34, true ]
